{"E:\\LaNet_Project\\flipzon\\api\\admin\\services\\Product_CategoriesAdminServices.js": {"path":"E:\\LaNet_Project\\flipzon\\api\\admin\\services\\Product_CategoriesAdminServices.js","statementMap":{"0":{"start":{"line":1,"column":25},"end":{"line":1,"column":65}},"1":{"start":{"line":4,"column":4},"end":{"line":4,"column":18}},"2":{"start":{"line":7,"column":28},"end":{"line":17,"column":1}},"3":{"start":{"line":8,"column":4},"end":{"line":16,"column":5}},"4":{"start":{"line":9,"column":8},"end":{"line":13,"column":10}},"5":{"start":{"line":15,"column":8},"end":{"line":15,"column":20}},"6":{"start":{"line":18,"column":34},"end":{"line":29,"column":1}},"7":{"start":{"line":19,"column":4},"end":{"line":28,"column":5}},"8":{"start":{"line":20,"column":8},"end":{"line":25,"column":10}},"9":{"start":{"line":27,"column":8},"end":{"line":27,"column":20}},"10":{"start":{"line":30,"column":28},"end":{"line":50,"column":1}},"11":{"start":{"line":31,"column":4},"end":{"line":49,"column":5}},"12":{"start":{"line":32,"column":23},"end":{"line":34,"column":9}},"13":{"start":{"line":41,"column":8},"end":{"line":41,"column":44}},"14":{"start":{"line":41,"column":29},"end":{"line":41,"column":44}},"15":{"start":{"line":42,"column":31},"end":{"line":45,"column":10}},"16":{"start":{"line":46,"column":8},"end":{"line":46,"column":32}},"17":{"start":{"line":48,"column":8},"end":{"line":48,"column":28}},"18":{"start":{"line":51,"column":29},"end":{"line":69,"column":1}},"19":{"start":{"line":52,"column":4},"end":{"line":68,"column":5}},"20":{"start":{"line":53,"column":23},"end":{"line":55,"column":9}},"21":{"start":{"line":56,"column":31},"end":{"line":56,"column":66}},"22":{"start":{"line":57,"column":8},"end":{"line":60,"column":9}},"23":{"start":{"line":58,"column":12},"end":{"line":58,"column":37}},"24":{"start":{"line":59,"column":12},"end":{"line":59,"column":60}},"25":{"start":{"line":61,"column":8},"end":{"line":61,"column":43}},"26":{"start":{"line":61,"column":29},"end":{"line":61,"column":43}},"27":{"start":{"line":62,"column":8},"end":{"line":64,"column":11}},"28":{"start":{"line":65,"column":8},"end":{"line":65,"column":51}},"29":{"start":{"line":67,"column":8},"end":{"line":67,"column":20}},"30":{"start":{"line":70,"column":36},"end":{"line":88,"column":1}},"31":{"start":{"line":71,"column":4},"end":{"line":87,"column":5}},"32":{"start":{"line":72,"column":23},"end":{"line":74,"column":9}},"33":{"start":{"line":75,"column":31},"end":{"line":75,"column":66}},"34":{"start":{"line":76,"column":8},"end":{"line":79,"column":9}},"35":{"start":{"line":77,"column":12},"end":{"line":77,"column":37}},"36":{"start":{"line":78,"column":12},"end":{"line":78,"column":60}},"37":{"start":{"line":80,"column":8},"end":{"line":80,"column":43}},"38":{"start":{"line":80,"column":29},"end":{"line":80,"column":43}},"39":{"start":{"line":81,"column":8},"end":{"line":83,"column":11}},"40":{"start":{"line":84,"column":8},"end":{"line":84,"column":51}},"41":{"start":{"line":86,"column":8},"end":{"line":86,"column":20}},"42":{"start":{"line":89,"column":31},"end":{"line":105,"column":1}},"43":{"start":{"line":90,"column":4},"end":{"line":104,"column":5}},"44":{"start":{"line":91,"column":23},"end":{"line":91,"column":41}},"45":{"start":{"line":92,"column":31},"end":{"line":92,"column":66}},"46":{"start":{"line":93,"column":8},"end":{"line":96,"column":9}},"47":{"start":{"line":94,"column":12},"end":{"line":94,"column":37}},"48":{"start":{"line":95,"column":12},"end":{"line":95,"column":60}},"49":{"start":{"line":97,"column":8},"end":{"line":97,"column":43}},"50":{"start":{"line":97,"column":29},"end":{"line":97,"column":43}},"51":{"start":{"line":98,"column":8},"end":{"line":100,"column":11}},"52":{"start":{"line":101,"column":8},"end":{"line":101,"column":32}},"53":{"start":{"line":103,"column":8},"end":{"line":103,"column":20}},"54":{"start":{"line":106,"column":0},"end":{"line":114,"column":1}}},"fnMap":{"0":{"name":"sayHelloTo","decl":{"start":{"line":3,"column":9},"end":{"line":3,"column":19}},"loc":{"start":{"line":3,"column":22},"end":{"line":5,"column":3}},"line":3},"1":{"name":"(anonymous_1)","decl":{"start":{"line":7,"column":28},"end":{"line":7,"column":29}},"loc":{"start":{"line":7,"column":40},"end":{"line":17,"column":1}},"line":7},"2":{"name":"(anonymous_2)","decl":{"start":{"line":18,"column":34},"end":{"line":18,"column":35}},"loc":{"start":{"line":18,"column":47},"end":{"line":29,"column":1}},"line":18},"3":{"name":"(anonymous_3)","decl":{"start":{"line":30,"column":28},"end":{"line":30,"column":29}},"loc":{"start":{"line":30,"column":44},"end":{"line":50,"column":1}},"line":30},"4":{"name":"(anonymous_4)","decl":{"start":{"line":51,"column":29},"end":{"line":51,"column":30}},"loc":{"start":{"line":51,"column":49},"end":{"line":69,"column":1}},"line":51},"5":{"name":"(anonymous_5)","decl":{"start":{"line":70,"column":36},"end":{"line":70,"column":37}},"loc":{"start":{"line":70,"column":50},"end":{"line":88,"column":1}},"line":70},"6":{"name":"(anonymous_6)","decl":{"start":{"line":89,"column":31},"end":{"line":89,"column":32}},"loc":{"start":{"line":89,"column":45},"end":{"line":105,"column":1}},"line":89}},"branchMap":{"0":{"loc":{"start":{"line":41,"column":8},"end":{"line":41,"column":44}},"type":"if","locations":[{"start":{"line":41,"column":8},"end":{"line":41,"column":44}},{"start":{"line":41,"column":8},"end":{"line":41,"column":44}}],"line":41},"1":{"loc":{"start":{"line":57,"column":8},"end":{"line":60,"column":9}},"type":"if","locations":[{"start":{"line":57,"column":8},"end":{"line":60,"column":9}},{"start":{"line":57,"column":8},"end":{"line":60,"column":9}}],"line":57},"2":{"loc":{"start":{"line":61,"column":8},"end":{"line":61,"column":43}},"type":"if","locations":[{"start":{"line":61,"column":8},"end":{"line":61,"column":43}},{"start":{"line":61,"column":8},"end":{"line":61,"column":43}}],"line":61},"3":{"loc":{"start":{"line":76,"column":8},"end":{"line":79,"column":9}},"type":"if","locations":[{"start":{"line":76,"column":8},"end":{"line":79,"column":9}},{"start":{"line":76,"column":8},"end":{"line":79,"column":9}}],"line":76},"4":{"loc":{"start":{"line":80,"column":8},"end":{"line":80,"column":43}},"type":"if","locations":[{"start":{"line":80,"column":8},"end":{"line":80,"column":43}},{"start":{"line":80,"column":8},"end":{"line":80,"column":43}}],"line":80},"5":{"loc":{"start":{"line":93,"column":8},"end":{"line":96,"column":9}},"type":"if","locations":[{"start":{"line":93,"column":8},"end":{"line":96,"column":9}},{"start":{"line":93,"column":8},"end":{"line":96,"column":9}}],"line":93},"6":{"loc":{"start":{"line":97,"column":8},"end":{"line":97,"column":43}},"type":"if","locations":[{"start":{"line":97,"column":8},"end":{"line":97,"column":43}},{"start":{"line":97,"column":8},"end":{"line":97,"column":43}}],"line":97}},"s":{"0":1,"1":0,"2":1,"3":0,"4":0,"5":0,"6":1,"7":0,"8":0,"9":0,"10":1,"11":0,"12":0,"13":0,"14":0,"15":0,"16":0,"17":0,"18":1,"19":0,"20":0,"21":0,"22":0,"23":0,"24":0,"25":0,"26":0,"27":0,"28":0,"29":0,"30":1,"31":0,"32":0,"33":0,"34":0,"35":0,"36":0,"37":0,"38":0,"39":0,"40":0,"41":0,"42":1,"43":0,"44":0,"45":0,"46":0,"47":0,"48":0,"49":0,"50":0,"51":0,"52":0,"53":0,"54":1},"f":{"0":0,"1":0,"2":0,"3":0,"4":0,"5":0,"6":0},"b":{"0":[0,0],"1":[0,0],"2":[0,0],"3":[0,0],"4":[0,0],"5":[0,0],"6":[0,0]},"_coverageSchema":"1a1c01bbd47fc00a2c39e90264f33305004495a9","hash":"1d3ca82b37d30049d81d324b2fdc149d7373bafe"}
,"E:\\LaNet_Project\\flipzon\\api\\db\\db.config.js": {"path":"E:\\LaNet_Project\\flipzon\\api\\db\\db.config.js","statementMap":{"0":{"start":{"line":1,"column":0},"end":{"line":13,"column":4}}},"fnMap":{},"branchMap":{},"s":{"0":1},"f":{},"b":{},"_coverageSchema":"1a1c01bbd47fc00a2c39e90264f33305004495a9","hash":"850ad94e6cacc6c3182e299e3caa30f6db069cab"}
,"E:\\LaNet_Project\\flipzon\\api\\db\\db.js": {"path":"E:\\LaNet_Project\\flipzon\\api\\db\\db.js","statementMap":{"0":{"start":{"line":1,"column":15},"end":{"line":1,"column":37}},"1":{"start":{"line":3,"column":18},"end":{"line":3,"column":38}},"2":{"start":{"line":4,"column":18},"end":{"line":21,"column":1}},"3":{"start":{"line":23,"column":11},"end":{"line":23,"column":13}},"4":{"start":{"line":26,"column":0},"end":{"line":26,"column":25}},"5":{"start":{"line":27,"column":0},"end":{"line":27,"column":25}},"6":{"start":{"line":32,"column":0},"end":{"line":32,"column":20}}},"fnMap":{},"branchMap":{},"s":{"0":1,"1":1,"2":1,"3":1,"4":1,"5":1,"6":1},"f":{},"b":{},"_coverageSchema":"1a1c01bbd47fc00a2c39e90264f33305004495a9","hash":"f7dbd675f61cae608e9c97e1451a4f045efdcc03"}
,"E:\\LaNet_Project\\flipzon\\api\\models\\Product_category.js": {"path":"E:\\LaNet_Project\\flipzon\\api\\models\\Product_category.js","statementMap":{"0":{"start":{"line":1,"column":18},"end":{"line":1,"column":38}},"1":{"start":{"line":2,"column":9},"end":{"line":2,"column":28}},"2":{"start":{"line":4,"column":25},"end":{"line":34,"column":6}},"3":{"start":{"line":37,"column":0},"end":{"line":37,"column":32}}},"fnMap":{},"branchMap":{},"s":{"0":1,"1":1,"2":1,"3":1},"f":{},"b":{},"_coverageSchema":"1a1c01bbd47fc00a2c39e90264f33305004495a9","hash":"d647e801311af15861d388060451f9c3895e4944"}
}
